[0.042s] Invoking command in '/home/parallels/Documents/code/studyRos2/publishAndSubscribe/build/cpp_pubsub': /usr/bin/cmake --build /home/parallels/Documents/code/studyRos2/publishAndSubscribe/build/cpp_pubsub -- -j2 -l2
[0.070s] -- Found ament_cmake: 0.9.8 (/opt/ros/foxy/share/ament_cmake/cmake)
[0.085s] -- Using PYTHON_EXECUTABLE: /usr/bin/python3
[0.166s] Traceback (most recent call last):
[0.166s]   File "/opt/ros/foxy/share/ament_cmake_core/cmake/package_templates/templates_2_cmake.py", line 21, in <module>
[0.166s]     from ament_package.templates import get_environment_hook_template_path
[0.166s] ModuleNotFoundError: No module named 'ament_package'
[0.177s] CMake Error at /opt/ros/foxy/share/ament_cmake_core/cmake/ament_cmake_package_templates-extras.cmake:41 (message):
[0.177s]   execute_process(/usr/bin/python3
[0.177s]   /opt/ros/foxy/share/ament_cmake_core/cmake/package_templates/templates_2_cmake.py
[0.177s]   /home/parallels/Documents/code/studyRos2/publishAndSubscribe/build/cpp_pubsub/ament_cmake_package_templates/templates.cmake)
[0.177s]   returned error code 1
[0.177s] Call Stack (most recent call first):
[0.177s]   /opt/ros/foxy/share/ament_cmake_core/cmake/ament_cmake_coreConfig.cmake:41 (include)
[0.177s]   /opt/ros/foxy/share/ament_cmake/cmake/ament_cmake_export_dependencies-extras.cmake:15 (find_package)
[0.177s]   /opt/ros/foxy/share/ament_cmake/cmake/ament_cmakeConfig.cmake:41 (include)
[0.177s]   CMakeLists.txt:19 (find_package)
[0.177s] 
[0.177s] 
[0.178s] -- Configuring incomplete, errors occurred!
[0.179s] See also "/home/parallels/Documents/code/studyRos2/publishAndSubscribe/build/cpp_pubsub/CMakeFiles/CMakeOutput.log".
[0.179s] See also "/home/parallels/Documents/code/studyRos2/publishAndSubscribe/build/cpp_pubsub/CMakeFiles/CMakeError.log".
[0.181s] make: *** [Makefile:266: cmake_check_build_system] Error 1
[0.181s] Invoked command in '/home/parallels/Documents/code/studyRos2/publishAndSubscribe/build/cpp_pubsub' returned '2': /usr/bin/cmake --build /home/parallels/Documents/code/studyRos2/publishAndSubscribe/build/cpp_pubsub -- -j2 -l2
